<?xml version="1.0" encoding="UTF-8"?>
<!-- Generated by org.testng.reporters.JUnitReportReporter -->
<testsuite hostname="DESKTOP-6AV84UJ" failures="0" tests="4" name="day6.TestNg.assignemet1" time="125.451" errors="0" timestamp="2024-09-18T17:43:42 IST" skipped="0">
  <testcase classname="day6.TestNg.assignemet1" name="testActitimeLoginLogout" time="56.601"/>
  <testcase classname="day6.TestNg.assignemet1" name="testOrangeHRMLoginLogout" time="39.904"/>
  <testcase classname="day6.TestNg.assignemet1" name="testVtigerLoginLogout" time="21.210"/>
  <testcase classname="day6.TestNg.assignemet1" name="testTricentisLoginLogout" time="7.736"/>
</testsuite> <!-- day6.TestNg.assignemet1 -->
