<?xml version="1.0" encoding="UTF-8"?>
<!-- Generated by org.testng.reporters.JUnitReportReporter -->
<testsuite hostname="DESKTOP-6AV84UJ" failures="0" tests="1" name="day6.TestNg.basictestng" time="0.015" errors="0" timestamp="2024-09-18T12:56:41 IST" skipped="0">
  <testcase classname="day6.TestNg.basictestng" name="testcase1" time="0.015"/>
</testsuite> <!-- day6.TestNg.basictestng -->
